#
# A fatal error has been detected by the Java Runtime Environment:
#
#  EXCEPTION_ACCESS_VIOLATION (0xc0000005) at pc=0x00000000606ffed7, pid=6732, tid=0x0000000000003350
#
# JRE version: OpenJDK Runtime Environment (8.0_242-b01) (build 1.8.0_242-release-1644-b01)
# Java VM: OpenJDK 64-Bit Server VM (25.242-b01 mixed mode windows-amd64 compressed oops)
# Problematic frame:
# V  [jvm.dll+0x1efed7]
#
# Failed to write core dump. Minidumps are not enabled by default on client versions of Windows
#
# If you would like to submit a bug report, please visit:
#   
#

---------------  T H R E A D  ---------------

Current thread (0x000000001ffdc800):  JavaThread "jar transforms Thread 288" [_thread_in_vm, id=13136, stack(0x000000003e630000,0x000000003e730000)]

siginfo: ExceptionCode=0xc0000005, writing address 0x000000003e7295b0

Registers:
RAX=0x000000003e7295b0, RBX=0x0000000000000007, RCX=0x0000000000006000, RDX=0x0000000000000006
RSP=0x000000003e72f5b0, RBP=0x0000000000000000, RSI=0x000000003e72f5b0, RDI=0x0000000000000007
R8 =0x0000000000000006, R9 =0x000000002b8453c0, R10=0x000000001754e968, R11=0x000000003e63a148
R12=0x00000000ffffffff, R13=0x000000001ffdc800, R14=0x000000001ffdc800, R15=0x000000001754e968
RIP=0x00000000606ffed7, EFLAGS=0x0000000000010202

Top of Stack: (sp=0x000000003e72f5b0)
0x000000003e72f5b0:   0000000000000030 0000000100006948
0x000000003e72f5c0:   000000001ffdc800 00000000ffffffff
0x000000003e72f5d0:   000000003e72f678 0000000060700eb7
0x000000003e72f5e0:   000000003e72f6e0 000000002b8453c0
0x000000003e72f5f0:   000000001754e968 00000000605abe73
0x000000003e72f600:   000000003e72f640 000000001ffdc800
0x000000003e72f610:   000000003e72f6d0 000000001ffdc800
0x000000003e72f620:   000000001754e968 000000001ffdc800
0x000000003e72f630:   0000000002ee6d60 000000001ffdc800
0x000000003e72f640:   000000001754e968 000000001ffdc800
0x000000003e72f650:   000000001754e968 000000001ffdc800
0x000000003e72f660:   0000000000000001 000000001754e968
0x000000003e72f670:   000000001ffdc800 0000000021df15d0
0x000000003e72f680:   000000001ffdc800 00000000605ad5dd
0x000000003e72f690:   000000003e72f998 0000000100006948
0x000000003e72f6a0:   0000000100006948 00007ffc9d6dba60 

Instructions: (pc=0x00000000606ffed7)
0x00000000606ffeb7:   48 89 6c 24 30 33 ed 66 90 e8 4b d9 07 00 ff c3
0x00000000606ffec7:   48 63 c8 48 8b c6 48 0f af cf 48 ff c7 48 2b c1
0x00000000606ffed7:   89 28 48 63 c3 48 3b 05 65 b8 57 00 7e db 48 8b
0x00000000606ffee7:   6c 24 30 48 8b 5c 24 38 48 8b 74 24 40 48 83 c4 


Register to memory mapping:

RAX=0x000000003e7295b0 is pointing into the stack for thread: 0x000000001ffdc800
RBX=0x0000000000000007 is an unknown value
RCX=0x0000000000006000 is an unknown value
RDX=0x0000000000000006 is an unknown value
RSP=0x000000003e72f5b0 is pointing into the stack for thread: 0x000000001ffdc800
RBP=0x0000000000000000 is an unknown value
RSI=0x000000003e72f5b0 is pointing into the stack for thread: 0x000000001ffdc800
RDI=0x0000000000000007 is an unknown value
R8 =0x0000000000000006 is an unknown value
R9 =0x000000002b8453c0 is an unknown value
R10={method} {0x000000001754e970} 'run' '()V' in 'java/lang/Thread'
R11=0x000000003e63a148 is pointing into the stack for thread: 0x000000001ffdc800
R12=0x00000000ffffffff is an unallocated location in the heap
R13=0x000000001ffdc800 is a thread
R14=0x000000001ffdc800 is a thread
R15={method} {0x000000001754e970} 'run' '()V' in 'java/lang/Thread'


Stack: [0x000000003e630000,0x000000003e730000],  sp=0x000000003e72f5b0,  free space=1021k
Native frames: (J=compiled Java code, j=interpreted, Vv=VM code, C=native code)


---------------  P R O C E S S  ---------------

Java Threads: ( => current thread )
  0x0000000021a51000 JavaThread "jar transforms Thread 301" [_thread_blocked, id=4052, stack(0x000000003f630000,0x000000003f730000)]
  0x0000000021a4f800 JavaThread "jar transforms Thread 300" [_thread_blocked, id=8328, stack(0x000000003f530000,0x000000003f630000)]
  0x0000000021a45800 JavaThread "jar transforms Thread 299" [_thread_blocked, id=5096, stack(0x000000003f430000,0x000000003f530000)]
  0x0000000021a46000 JavaThread "jar transforms Thread 298" [_thread_blocked, id=9584, stack(0x000000003f330000,0x000000003f430000)]
  0x0000000021a4c800 JavaThread "jar transforms Thread 297" [_thread_blocked, id=3588, stack(0x000000003f230000,0x000000003f330000)]
  0x0000000021a43000 JavaThread "jar transforms Thread 296" [_thread_blocked, id=3160, stack(0x000000003f130000,0x000000003f230000)]
  0x0000000021a47000 JavaThread "jar transforms Thread 295" [_thread_blocked, id=8208, stack(0x000000003f030000,0x000000003f130000)]
  0x0000000021a44000 JavaThread "jar transforms Thread 294" [_thread_blocked, id=32, stack(0x000000003ef30000,0x000000003f030000)]
  0x0000000021a4a000 JavaThread "jar transforms Thread 293" [_thread_blocked, id=5752, stack(0x000000003ee30000,0x000000003ef30000)]
  0x0000000021a49800 JavaThread "jar transforms Thread 292" [_thread_blocked, id=6204, stack(0x000000003ed30000,0x000000003ee30000)]
  0x0000000021a48800 JavaThread "jar transforms Thread 291" [_thread_blocked, id=2976, stack(0x000000003eb30000,0x000000003ec30000)]
  0x0000000021a44800 JavaThread "jar transforms Thread 290" [_thread_blocked, id=15088, stack(0x000000003e930000,0x000000003ea30000)]
  0x0000000021a47800 JavaThread "jar transforms Thread 289" [_thread_blocked, id=13256, stack(0x000000003e730000,0x000000003e830000)]
=>0x000000001ffdc800 JavaThread "jar transforms Thread 288" [_thread_in_vm, id=13136, stack(0x000000003e630000,0x000000003e730000)]
  0x000000001ffdb800 JavaThread "jar transforms Thread 287" [_thread_blocked, id=14280, stack(0x000000003e530000,0x000000003e630000)]
  0x000000001ffdd000 JavaThread "jar transforms Thread 286" [_thread_blocked, id=12724, stack(0x000000003e430000,0x000000003e530000)]
  0x000000001ffdb000 JavaThread "jar transforms Thread 285" [_thread_blocked, id=10556, stack(0x000000003e330000,0x000000003e430000)]
  0x000000001ffd9800 JavaThread "jar transforms Thread 284" [_thread_blocked, id=9416, stack(0x000000003e230000,0x000000003e330000)]
  0x000000001ffda000 JavaThread "jar transforms Thread 283" [_thread_blocked, id=14508, stack(0x000000003e130000,0x000000003e230000)]
  0x000000001ffd8800 JavaThread "jar transforms Thread 282" [_thread_blocked, id=15292, stack(0x000000003e030000,0x000000003e130000)]
  0x000000001ffd1000 JavaThread "jar transforms Thread 281" [_thread_blocked, id=10228, stack(0x000000003df30000,0x000000003e030000)]
  0x000000001ffd8000 JavaThread "jar transforms Thread 280" [_thread_blocked, id=1448, stack(0x000000003de30000,0x000000003df30000)]
  0x000000001ffd0800 JavaThread "jar transforms Thread 279" [_thread_blocked, id=232, stack(0x000000003dd30000,0x000000003de30000)]
  0x000000001ffd7000 JavaThread "jar transforms Thread 278" [_thread_blocked, id=13000, stack(0x000000003dc30000,0x000000003dd30000)]
  0x000000001ffcf800 JavaThread "jar transforms Thread 277" [_thread_blocked, id=15104, stack(0x000000003db30000,0x000000003dc30000)]
  0x000000001ffd6800 JavaThread "Cache worker for file hash cache (C:\Users\Admin\AndroidStudioProjects\LabApp\.gradle\6.5\fileHashes)" [_thread_blocked, id=1260, stack(0x000000003da30000,0x000000003db30000)]
  0x000000001ffcf000 JavaThread "Thread-379" [_thread_blocked, id=1912, stack(0x000000003d930000,0x000000003da30000)]
  0x000000001ffd5800 JavaThread "Stdin handler" [_thread_blocked, id=12692, stack(0x000000003d830000,0x000000003d930000)]
  0x000000001ffd2000 JavaThread "Asynchronous log dispatcher for DefaultDaemonConnection: socket connection from /127.0.0.1:52084 to /127.0.0.1:53311" [_thread_blocked, id=2768, stack(0x000000003d730000,0x000000003d830000)]
  0x000000001ffd3800 JavaThread "Daemon worker Thread 4" [_thread_blocked, id=1628, stack(0x000000003d630000,0x000000003d730000)]
  0x000000001ffd2800 JavaThread "Cancel handler" [_thread_blocked, id=9644, stack(0x000000003d530000,0x000000003d630000)]
  0x000000001ffce000 JavaThread "Handler for socket connection from /127.0.0.1:52084 to /127.0.0.1:53311" [_thread_in_native, id=1576, stack(0x000000003d430000,0x000000003d530000)]
  0x000000001ffd5000 JavaThread "Daemon Thread 4" [_thread_blocked, id=7692, stack(0x000000003d330000,0x000000003d430000)]
  0x0000000021ab6800 JavaThread "Memory manager" [_thread_blocked, id=13276, stack(0x000000002b1a0000,0x000000002b2a0000)]
  0x000000001c30d000 JavaThread "Cache worker for file content cache (C:\Users\Admin\.gradle\caches\6.5\fileContent)" [_thread_blocked, id=14408, stack(0x0000000023200000,0x0000000023300000)]
  0x000000001c312000 JavaThread "Cache worker for execution history cache (C:\Users\Admin\.gradle\caches\6.5\executionHistory)" [_thread_blocked, id=9244, stack(0x0000000022a00000,0x0000000022b00000)]
  0x000000001c30d800 JavaThread "Cache worker for file hash cache (C:\Users\Admin\.gradle\caches\6.5\fileHashes)" [_thread_blocked, id=6780, stack(0x000000001edf0000,0x000000001eef0000)]
  0x000000001c311800 JavaThread "File lock request listener" [_thread_in_native, id=2248, stack(0x000000001ecf0000,0x000000001edf0000)]
  0x000000001c30f000 JavaThread "Cache worker for journal cache (C:\Users\Admin\.gradle\caches\journal-1)" [_thread_blocked, id=6640, stack(0x000000001ebf0000,0x000000001ecf0000)]
  0x000000001ac45000 JavaThread "Daemon periodic checks" [_thread_blocked, id=12708, stack(0x000000001cf20000,0x000000001d020000)]
  0x000000001bc1e800 JavaThread "Incoming local TCP Connector on port 52084" [_thread_in_native, id=13620, stack(0x000000001cce0000,0x000000001cde0000)]
  0x000000001c038800 JavaThread "Daemon health stats" [_thread_blocked, id=3536, stack(0x000000001c5a0000,0x000000001c6a0000)]
  0x0000000019dae800 JavaThread "Service Thread" daemon [_thread_blocked, id=12936, stack(0x000000001a9d0000,0x000000001aad0000)]
  0x0000000019d5b000 JavaThread "C1 CompilerThread3" daemon [_thread_blocked, id=9632, stack(0x000000001a8d0000,0x000000001a9d0000)]
  0x0000000019d1f800 JavaThread "C2 CompilerThread2" daemon [_thread_in_native, id=7576, stack(0x000000001a7d0000,0x000000001a8d0000)]
  0x0000000019d18000 JavaThread "C2 CompilerThread1" daemon [_thread_blocked, id=6224, stack(0x000000001a6d0000,0x000000001a7d0000)]
  0x0000000019d16000 JavaThread "C2 CompilerThread0" daemon [_thread_blocked, id=15108, stack(0x000000001a5d0000,0x000000001a6d0000)]
  0x0000000019d14000 JavaThread "Attach Listener" daemon [_thread_blocked, id=13728, stack(0x000000001a4d0000,0x000000001a5d0000)]
  0x0000000019d13000 JavaThread "Signal Dispatcher" daemon [_thread_blocked, id=6136, stack(0x000000001a3d0000,0x000000001a4d0000)]
  0x0000000002e9d800 JavaThread "Finalizer" daemon [_thread_blocked, id=10248, stack(0x000000001a1e0000,0x000000001a2e0000)]
  0x0000000002e96800 JavaThread "Reference Handler" daemon [_thread_blocked, id=12824, stack(0x000000001a0e0000,0x000000001a1e0000)]
  0x0000000002d9d800 JavaThread "main" [_thread_blocked, id=5996, stack(0x0000000002bf0000,0x0000000002cf0000)]

Other Threads:
  0x0000000017f06800 VMThread [stack: 0x0000000019be0000,0x0000000019ce0000] [id=3584]
  0x0000000019daf000 WatcherThread [stack: 0x000000001aad0000,0x000000001abd0000] [id=10792]

VM state:not at safepoint (normal execution)

VM Mutex/Monitor currently owned by a thread: None

heap address: 0x0000000080000000, size: 2048 MB, Compressed Oops mode: 32-bit
Narrow klass base: 0x0000000000000000, Narrow klass shift: 3
Compressed class space size: 1073741824 Address: 0x0000000100000000

Heap:
 PSYoungGen      total 241664K, used 42705K [0x00000000d5580000, 0x00000000e7e80000, 0x0000000100000000)
  eden space 218624K, 9% used [0x00000000d5580000,0x00000000d68b9b30,0x00000000e2b00000)
  from space 23040K, 99% used [0x00000000e2b00000,0x00000000e417a9a0,0x00000000e4180000)
  to   space 29184K, 0% used [0x00000000e6200000,0x00000000e6200000,0x00000000e7e80000)
 ParOldGen       total 122368K, used 36589K [0x0000000080000000, 0x0000000087780000, 0x00000000d5580000)
  object space 122368K, 29% used [0x0000000080000000,0x00000000823bb760,0x0000000087780000)
 Metaspace       used 75252K, capacity 78884K, committed 79000K, reserved 1118208K
  class space    used 9917K, capacity 10589K, committed 10672K, reserved 1048576K

Card table byte_map: [0x0000000012260000,0x0000000012670000] byte_map_base: 0x0000000011e60000

Marking Bits: (ParMarkBitMap*) 0x0000000060cdf030
 Begin Bits: [0x0000000013120000, 0x0000000015120000)
 End Bits:   [0x0000000015120000, 0x0000000017120000)

Polling page: 0x0000000002cf0000

CodeCache: size=245760Kb used=31959Kb max_used=32774Kb free=213800Kb
 bounds [0x0000000002ea0000, 0x0000000004ed0000, 0x0000000011ea0000]
 total_blobs=10775 nmethods=9951 adapters=735
 compilation: enabled

Compilation events (10 events):
Event: 1249.971 Thread 0x0000000019d18000 11963       4       sun.nio.fs.WindowsPath::isEmpty (16 bytes)
Event: 1249.972 Thread 0x0000000019d5b000 nmethod 11962 0x0000000004bed650 code [0x0000000004bed8a0, 0x0000000004bee6e8]
Event: 1249.973 Thread 0x0000000019d18000 nmethod 11963 0x0000000003e6fcd0 code [0x0000000003e6fe00, 0x0000000003e6fe98]
Event: 1249.978 Thread 0x0000000019d5b000 11964       3       java.lang.Thread::<init> (69 bytes)
Event: 1249.981 Thread 0x0000000019d5b000 nmethod 11964 0x00000000043b57d0 code [0x00000000043b59c0, 0x00000000043b64d8]
Event: 1249.981 Thread 0x0000000019d5b000 11965       3       java.net.URI::access$100 (4 bytes)
Event: 1249.981 Thread 0x0000000019d1f800 11967   !   4       com.google.common.cache.LocalCache$Segment::lockedGetOrLoad (447 bytes)
Event: 1249.981 Thread 0x0000000019d5b000 nmethod 11965 0x00000000042db710 code [0x00000000042db860, 0x00000000042db990]
Event: 1249.981 Thread 0x0000000019d5b000 11966       3       java.net.URI::access$200 (4 bytes)
Event: 1249.981 Thread 0x0000000019d5b000 nmethod 11966 0x0000000004de3b50 code [0x0000000004de3ca0, 0x0000000004de3dd0]

GC Heap History (10 events):
Event: 49.173 GC heap before
{Heap before GC invocations=14 (full 2):
 PSYoungGen      total 173568K, used 38902K [0x00000000d5580000, 0x00000000e3580000, 0x0000000100000000)
  eden space 160256K, 15% used [0x00000000d5580000,0x00000000d6e80610,0x00000000df200000)
  from space 13312K, 99% used [0x00000000df200000,0x00000000dfefd320,0x00000000dff00000)
  to   space 19456K, 0% used [0x00000000e2280000,0x00000000e2280000,0x00000000e3580000)
 ParOldGen       total 81920K, used 28995K [0x0000000080000000, 0x0000000085000000, 0x00000000d5580000)
  object space 81920K, 35% used [0x0000000080000000,0x0000000081c50d20,0x0000000085000000)
 Metaspace       used 56751K, capacity 59116K, committed 59160K, reserved 1099776K
  class space    used 7766K, capacity 8235K, committed 8240K, reserved 1048576K
Event: 49.211 GC heap after
Heap after GC invocations=14 (full 2):
 PSYoungGen      total 210432K, used 10900K [0x00000000d5580000, 0x00000000e3c80000, 0x0000000100000000)
  eden space 190976K, 0% used [0x00000000d5580000,0x00000000d5580000,0x00000000e1000000)
  from space 19456K, 56% used [0x00000000e2280000,0x00000000e2d252f0,0x00000000e3580000)
  to   space 18944K, 0% used [0x00000000e1000000,0x00000000e1000000,0x00000000e2280000)
 ParOldGen       total 81920K, used 33521K [0x0000000080000000, 0x0000000085000000, 0x00000000d5580000)
  object space 81920K, 40% used [0x0000000080000000,0x00000000820bc4d0,0x0000000085000000)
 Metaspace       used 56751K, capacity 59116K, committed 59160K, reserved 1099776K
  class space    used 7766K, capacity 8235K, committed 8240K, reserved 1048576K
}
Event: 49.211 GC heap before
{Heap before GC invocations=15 (full 3):
 PSYoungGen      total 210432K, used 10900K [0x00000000d5580000, 0x00000000e3c80000, 0x0000000100000000)
  eden space 190976K, 0% used [0x00000000d5580000,0x00000000d5580000,0x00000000e1000000)
  from space 19456K, 56% used [0x00000000e2280000,0x00000000e2d252f0,0x00000000e3580000)
  to   space 18944K, 0% used [0x00000000e1000000,0x00000000e1000000,0x00000000e2280000)
 ParOldGen       total 81920K, used 33521K [0x0000000080000000, 0x0000000085000000, 0x00000000d5580000)
  object space 81920K, 40% used [0x0000000080000000,0x00000000820bc4d0,0x0000000085000000)
 Metaspace       used 56751K, capacity 59116K, committed 59160K, reserved 1099776K
  class space    used 7766K, capacity 8235K, committed 8240K, reserved 1048576K
Event: 50.357 GC heap after
Heap after GC invocations=15 (full 3):
 PSYoungGen      total 210432K, used 0K [0x00000000d5580000, 0x00000000e3c80000, 0x0000000100000000)
  eden space 190976K, 0% used [0x00000000d5580000,0x00000000d5580000,0x00000000e1000000)
  from space 19456K, 0% used [0x00000000e2280000,0x00000000e2280000,0x00000000e3580000)
  to   space 18944K, 0% used [0x00000000e1000000,0x00000000e1000000,0x00000000e2280000)
 ParOldGen       total 122368K, used 29446K [0x0000000080000000, 0x0000000087780000, 0x00000000d5580000)
  object space 122368K, 24% used [0x0000000080000000,0x0000000081cc19a0,0x0000000087780000)
 Metaspace       used 56736K, capacity 59062K, committed 59160K, reserved 1099776K
  class space    used 7761K, capacity 8226K, committed 8240K, reserved 1048576K
}
Event: 70.976 GC heap before
{Heap before GC invocations=16 (full 3):
 PSYoungGen      total 210432K, used 190976K [0x00000000d5580000, 0x00000000e3c80000, 0x0000000100000000)
  eden space 190976K, 100% used [0x00000000d5580000,0x00000000e1000000,0x00000000e1000000)
  from space 19456K, 0% used [0x00000000e2280000,0x00000000e2280000,0x00000000e3580000)
  to   space 18944K, 0% used [0x00000000e1000000,0x00000000e1000000,0x00000000e2280000)
 ParOldGen       total 122368K, used 29446K [0x0000000080000000, 0x0000000087780000, 0x00000000d5580000)
  object space 122368K, 24% used [0x0000000080000000,0x0000000081cc19a0,0x0000000087780000)
 Metaspace       used 63802K, capacity 66864K, committed 66968K, reserved 1107968K
  class space    used 8780K, capacity 9347K, committed 9392K, reserved 1048576K
Event: 71.015 GC heap after
Heap after GC invocations=16 (full 3):
 PSYoungGen      total 209920K, used 16759K [0x00000000d5580000, 0x00000000e5a00000, 0x0000000100000000)
  eden space 190976K, 0% used [0x00000000d5580000,0x00000000d5580000,0x00000000e1000000)
  from space 18944K, 88% used [0x00000000e1000000,0x00000000e205dc68,0x00000000e2280000)
  to   space 20992K, 0% used [0x00000000e4580000,0x00000000e4580000,0x00000000e5a00000)
 ParOldGen       total 122368K, used 29454K [0x0000000080000000, 0x0000000087780000, 0x00000000d5580000)
  object space 122368K, 24% used [0x0000000080000000,0x0000000081cc39a0,0x0000000087780000)
 Metaspace       used 63802K, capacity 66864K, committed 66968K, reserved 1107968K
  class space    used 8780K, capacity 9347K, committed 9392K, reserved 1048576K
}
Event: 844.967 GC heap before
{Heap before GC invocations=17 (full 3):
 PSYoungGen      total 209920K, used 207735K [0x00000000d5580000, 0x00000000e5a00000, 0x0000000100000000)
  eden space 190976K, 100% used [0x00000000d5580000,0x00000000e1000000,0x00000000e1000000)
  from space 18944K, 88% used [0x00000000e1000000,0x00000000e205dc68,0x00000000e2280000)
  to   space 20992K, 0% used [0x00000000e4580000,0x00000000e4580000,0x00000000e5a00000)
 ParOldGen       total 122368K, used 29454K [0x0000000080000000, 0x0000000087780000, 0x00000000d5580000)
  object space 122368K, 24% used [0x0000000080000000,0x0000000081cc39a0,0x0000000087780000)
 Metaspace       used 68136K, capacity 71326K, committed 71448K, reserved 1112064K
  class space    used 9027K, capacity 9654K, committed 9776K, reserved 1048576K
Event: 845.011 GC heap after
Heap after GC invocations=17 (full 3):
 PSYoungGen      total 237568K, used 18341K [0x00000000d5580000, 0x00000000e5800000, 0x0000000100000000)
  eden space 218624K, 0% used [0x00000000d5580000,0x00000000d5580000,0x00000000e2b00000)
  from space 18944K, 96% used [0x00000000e4580000,0x00000000e5769758,0x00000000e5800000)
  to   space 23040K, 0% used [0x00000000e2b00000,0x00000000e2b00000,0x00000000e4180000)
 ParOldGen       total 122368K, used 29462K [0x0000000080000000, 0x0000000087780000, 0x00000000d5580000)
  object space 122368K, 24% used [0x0000000080000000,0x0000000081cc59a0,0x0000000087780000)
 Metaspace       used 68136K, capacity 71326K, committed 71448K, reserved 1112064K
  class space    used 9027K, capacity 9654K, committed 9776K, reserved 1048576K
}
Event: 867.849 GC heap before
{Heap before GC invocations=18 (full 3):
 PSYoungGen      total 237568K, used 236937K [0x00000000d5580000, 0x00000000e5800000, 0x0000000100000000)
  eden space 218624K, 99% used [0x00000000d5580000,0x00000000e2af8f20,0x00000000e2b00000)
  from space 18944K, 96% used [0x00000000e4580000,0x00000000e5769758,0x00000000e5800000)
  to   space 23040K, 0% used [0x00000000e2b00000,0x00000000e2b00000,0x00000000e4180000)
 ParOldGen       total 122368K, used 29462K [0x0000000080000000, 0x0000000087780000, 0x00000000d5580000)
  object space 122368K, 24% used [0x0000000080000000,0x0000000081cc59a0,0x0000000087780000)
 Metaspace       used 74911K, capacity 78474K, committed 78616K, reserved 1118208K
  class space    used 9874K, capacity 10534K, committed 10544K, reserved 1048576K
Event: 867.906 GC heap after
Heap after GC invocations=18 (full 3):
 PSYoungGen      total 241664K, used 23018K [0x00000000d5580000, 0x00000000e7e80000, 0x0000000100000000)
  eden space 218624K, 0% used [0x00000000d5580000,0x00000000d5580000,0x00000000e2b00000)
  from space 23040K, 99% used [0x00000000e2b00000,0x00000000e417a9a0,0x00000000e4180000)
  to   space 29184K, 0% used [0x00000000e6200000,0x00000000e6200000,0x00000000e7e80000)
 ParOldGen       total 122368K, used 36589K [0x0000000080000000, 0x0000000087780000, 0x00000000d5580000)
  object space 122368K, 29% used [0x0000000080000000,0x00000000823bb760,0x0000000087780000)
 Metaspace       used 74911K, capacity 78474K, committed 78616K, reserved 1118208K
  class space    used 9874K, capacity 10534K, committed 10544K, reserved 1048576K
}

Deoptimization events (10 events):
Event: 867.535 Thread 0x000000001ffd2800 Uncommon trap: reason=unstable_if action=reinterpret pc=0x00000000033798d0 method=java.util.stream.StreamOpFlag.getMask(I)I @ 1
Event: 867.661 Thread 0x000000001ffd2800 Uncommon trap: reason=bimorphic action=maybe_recompile pc=0x0000000003508b9c method=com.google.common.collect.TransformedIterator.hasNext()Z @ 4
Event: 867.661 Thread 0x000000001ffd2800 Uncommon trap: reason=bimorphic action=maybe_recompile pc=0x0000000003508b9c method=com.google.common.collect.TransformedIterator.hasNext()Z @ 4
Event: 867.962 Thread 0x000000001ffd2800 Uncommon trap: reason=unstable_if action=reinterpret pc=0x0000000003a536bc method=java.nio.Bits.getInt(Ljava/nio/ByteBuffer;IZ)I @ 1
Event: 868.493 Thread 0x000000001e4dd000 Uncommon trap: reason=unstable_if action=reinterpret pc=0x0000000003ebbde0 method=java.util.concurrent.locks.AbstractQueuedSynchronizer$ConditionObject.checkInterruptWhileWaiting(Ljava/util/concurrent/locks/AbstractQueuedSynchronizer$Node;)I @ 3
Event: 868.499 Thread 0x000000001e4df800 Uncommon trap: reason=unstable_if action=reinterpret pc=0x00000000043ef764 method=java.io.BufferedReader.readLine(Z)Ljava/lang/String; @ 192
Event: 868.750 Thread 0x0000000021a43000 Uncommon trap: reason=unstable_if action=reinterpret pc=0x000000000388ff6c method=com.esotericsoftware.kryo.io.Input.require(I)I @ 180
Event: 1249.707 Thread 0x000000001ffce000 Uncommon trap: reason=class_check action=maybe_recompile pc=0x0000000004b2a7e0 method=java.lang.reflect.Array.newInstance(Ljava/lang/Class;I)Ljava/lang/Object; @ 2
Event: 1249.926 Thread 0x000000001ffd3800 Uncommon trap: reason=unstable_if action=reinterpret pc=0x00000000037e0f6c method=org.gradle.internal.io.StreamByteBuffer.prepareRead()I @ 30
Event: 1249.966 Thread 0x000000001ffd0800 Uncommon trap: reason=unstable_if action=reinterpret pc=0x0000000004918464 method=sun.nio.fs.WindowsPath.startsWith(Ljava/nio/file/Path;)Z @ 59

Classes redefined (0 events):
No events

Internal exceptions (10 events):
Event: 866.911 Thread 0x000000001e4d9800 Exception <a 'sun/nio/fs/WindowsException'> (0x00000000e20528d0) thrown at [C:\src\AOSP-openjdk-git\hotspot\src\share\vm\prims\jni.cpp, line 710]
Event: 867.386 Thread 0x000000001ffd2800 Exception <a 'java/lang/NoSuchMethodError': java.lang.Object.lambda$asRunnable$0(Lcom/android/tools/build/apkzlib/utils/IOExceptionRunnable;)V> (0x00000000e2355688) thrown at [C:\src\AOSP-openjdk-git\hotspot\src\share\vm\interpreter\linkResolver.cpp, line
Event: 867.491 Thread 0x000000001ffd2800 Exception <a 'java/lang/NoSuchMethodError': java.lang.Object.newSystemTemporaryDirectory()Lcom/android/tools/build/apkzlib/bytestorage/TemporaryDirectory;> (0x00000000e24759c8) thrown at [C:\src\AOSP-openjdk-git\hotspot\src\share\vm\interpreter\linkResolv
Event: 867.647 Thread 0x000000001ffd2800 Exception <a 'java/lang/NoSuchMethodError': java.lang.Object.lambda$static$0(Lcom/android/apksig/util/RunnablesProvider;)V> (0x00000000e26cf108) thrown at [C:\src\AOSP-openjdk-git\hotspot\src\share\vm\interpreter\linkResolver.cpp, line 620]
Event: 1249.678 Thread 0x000000001ffce000 Exception <a 'java/lang/NoSuchMethodError': <clinit>> (0x00000000d648beb8) thrown at [C:\src\AOSP-openjdk-git\hotspot\src\share\vm\prims\jni.cpp, line 1615]
Event: 1249.682 Thread 0x000000001ffce000 Exception <a 'java/lang/NoSuchMethodError': <clinit>> (0x00000000d6498fe0) thrown at [C:\src\AOSP-openjdk-git\hotspot\src\share\vm\prims\jni.cpp, line 1615]
Event: 1249.685 Thread 0x000000001ffce000 Exception <a 'java/lang/NoSuchMethodError': <clinit>> (0x00000000d64ab860) thrown at [C:\src\AOSP-openjdk-git\hotspot\src\share\vm\prims\jni.cpp, line 1615]
Event: 1249.687 Thread 0x000000001ffce000 Exception <a 'java/lang/NoSuchMethodError': <clinit>> (0x00000000d64b3f48) thrown at [C:\src\AOSP-openjdk-git\hotspot\src\share\vm\prims\jni.cpp, line 1615]
Event: 1249.688 Thread 0x000000001ffce000 Exception <a 'java/lang/NoSuchMethodError': <clinit>> (0x00000000d64bcab8) thrown at [C:\src\AOSP-openjdk-git\hotspot\src\share\vm\prims\jni.cpp, line 1615]
Event: 1249.693 Thread 0x000000001ffce000 Exception <a 'java/lang/NoSuchMethodError': <clinit>> (0x00000000d64d4dc0) thrown at [C:\src\AOSP-openjdk-git\hotspot\src\share\vm\prims\jni.cpp, line 1615]

Events (10 events):
Event: 1249.973 Thread 0x000000001ffd8800 Thread added: 0x000000001ffd8800
Event: 1249.975 Thread 0x000000001ffda000 Thread added: 0x000000001ffda000
Event: 1249.978 Thread 0x000000001ffd9800 Thread added: 0x000000001ffd9800
Event: 1250.000 Thread 0x000000001ffdb000 Thread added: 0x000000001ffdb000
Event: 1250.003 Thread 0x000000001ffdd000 Thread added: 0x000000001ffdd000
Event: 1250.009 Thread 0x000000001ffdb800 Thread added: 0x000000001ffdb800
Event: 1250.013 Thread 0x000000001ffdc800 Thread added: 0x000000001ffdc800
Event: 1250.019 Thread 0x0000000021a47800 Thread added: 0x0000000021a47800
Event: 1250.025 Thread 0x0000000021a44800 Thread added: 0x0000000021a44800
Event: 1250.031 Thread 0x0000000021a48800 Thread added: 0x0000000021a48800


Dynamic libraries:
0x00007ff6b0380000 - 0x00007ff6b03b1000 	C:\Program Files\Android\Android Studio\jre\bin\java.exe
0x00007ffcde760000 - 0x00007ffcde941000 	C:\WINDOWS\SYSTEM32\ntdll.dll
0x00007ffcdc6f0000 - 0x00007ffcdc7a1000 	C:\WINDOWS\System32\KERNEL32.DLL
0x00007ffcdae10000 - 0x00007ffcdb083000 	C:\WINDOWS\System32\KERNELBASE.dll
0x00007ffcdbe90000 - 0x00007ffcdbf31000 	C:\WINDOWS\System32\ADVAPI32.dll
0x00007ffcdc950000 - 0x00007ffcdc9ee000 	C:\WINDOWS\System32\msvcrt.dll
0x00007ffcdc200000 - 0x00007ffcdc25b000 	C:\WINDOWS\System32\sechost.dll
0x00007ffcdc330000 - 0x00007ffcdc454000 	C:\WINDOWS\System32\RPCRT4.dll
0x00007ffcdc7b0000 - 0x00007ffcdc941000 	C:\WINDOWS\System32\USER32.dll
0x00007ffcdb0f0000 - 0x00007ffcdb110000 	C:\WINDOWS\System32\win32u.dll
0x00007ffcdbd00000 - 0x00007ffcdbd28000 	C:\WINDOWS\System32\GDI32.dll
0x00007ffcdb110000 - 0x00007ffcdb2a3000 	C:\WINDOWS\System32\gdi32full.dll
0x00007ffcdad70000 - 0x00007ffcdae0f000 	C:\WINDOWS\System32\msvcp_win.dll
0x00007ffcdb2b0000 - 0x00007ffcdb3a8000 	C:\WINDOWS\System32\ucrtbase.dll
0x00007ffcbf390000 - 0x00007ffcbf5f9000 	C:\WINDOWS\WinSxS\amd64_microsoft.windows.common-controls_6595b64144ccf1df_6.0.17134.1845_none_d3ffcfc77c905a82\COMCTL32.dll
0x00007ffcddfa0000 - 0x00007ffcde2c1000 	C:\WINDOWS\System32\combase.dll
0x00007ffcdacf0000 - 0x00007ffcdad69000 	C:\WINDOWS\System32\bcryptPrimitives.dll
0x00007ffcdbe60000 - 0x00007ffcdbe8d000 	C:\WINDOWS\System32\IMM32.DLL
0x00007ffc9d620000 - 0x00007ffc9d7f2000 	C:\WINDOWS\system32\tmumh\20019\AddOn\8.50.0.2071\TmUmEvt64.dll
0x00007ffcdbd90000 - 0x00007ffcdbd98000 	C:\WINDOWS\System32\PSAPI.DLL
0x0000000060d60000 - 0x0000000060ece000 	C:\WINDOWS\system32\tmumh\20019\TmMon\2.8.0.1034\tmmon64.dll
0x00000000601a0000 - 0x0000000060272000 	C:\Program Files\Android\Android Studio\jre\jre\bin\msvcr100.dll
0x0000000060510000 - 0x0000000060d5b000 	C:\Program Files\Android\Android Studio\jre\jre\bin\server\jvm.dll
0x00007ffcbcb50000 - 0x00007ffcbcb59000 	C:\WINDOWS\SYSTEM32\WSOCK32.dll
0x00007ffcdc000000 - 0x00007ffcdc06c000 	C:\WINDOWS\System32\WS2_32.dll
0x00007ffcd2f90000 - 0x00007ffcd2fb3000 	C:\WINDOWS\SYSTEM32\WINMM.dll
0x00007ffccc710000 - 0x00007ffccc71a000 	C:\WINDOWS\SYSTEM32\VERSION.dll
0x00007ffcd2f60000 - 0x00007ffcd2f8a000 	C:\WINDOWS\SYSTEM32\WINMMBASE.dll
0x00007ffcdbb80000 - 0x00007ffcdbbc9000 	C:\WINDOWS\System32\cfgmgr32.dll
0x00007ffcd3020000 - 0x00007ffcd302f000 	C:\Program Files\Android\Android Studio\jre\jre\bin\verify.dll
0x00007ffcc4b90000 - 0x00007ffcc4bb9000 	C:\Program Files\Android\Android Studio\jre\jre\bin\java.dll
0x00007ffccc9f0000 - 0x00007ffccca06000 	C:\Program Files\Android\Android Studio\jre\jre\bin\zip.dll
0x00007ffcdc9f0000 - 0x00007ffcdde35000 	C:\WINDOWS\System32\SHELL32.dll
0x00007ffcdbc50000 - 0x00007ffcdbcf9000 	C:\WINDOWS\System32\shcore.dll
0x00007ffcdb460000 - 0x00007ffcdbb75000 	C:\WINDOWS\System32\windows.storage.dll
0x00007ffcdbd30000 - 0x00007ffcdbd81000 	C:\WINDOWS\System32\shlwapi.dll
0x00007ffcdaa90000 - 0x00007ffcdaaa1000 	C:\WINDOWS\System32\kernel.appcore.dll
0x00007ffcdaa70000 - 0x00007ffcdaa8f000 	C:\WINDOWS\System32\profapi.dll
0x00007ffcdaab0000 - 0x00007ffcdaafc000 	C:\WINDOWS\System32\powrprof.dll
0x00007ffcdaa60000 - 0x00007ffcdaa6a000 	C:\WINDOWS\System32\FLTLIB.DLL
0x00007ffccc8e0000 - 0x00007ffccc8fa000 	C:\Program Files\Android\Android Studio\jre\jre\bin\net.dll
0x00007ffcda2c0000 - 0x00007ffcda326000 	C:\WINDOWS\system32\mswsock.dll
0x00007ffcc52f0000 - 0x00007ffcc5303000 	C:\Program Files\Android\Android Studio\jre\jre\bin\nio.dll
0x00007ffcd14f0000 - 0x00007ffcd1517000 	C:\Users\Admin\.gradle\native\f6784746aeab05261644944871eae4fe03e0ef1612fff0a4a95f87b438bc6780\windows-amd64\native-platform.dll
0x00007ffcd1640000 - 0x00007ffcd164d000 	C:\Program Files\Android\Android Studio\jre\jre\bin\management.dll
0x00007ffcda480000 - 0x00007ffcda497000 	C:\WINDOWS\SYSTEM32\CRYPTSP.dll
0x00007ffcd9e70000 - 0x00007ffcd9ea3000 	C:\WINDOWS\system32\rsaenh.dll
0x00007ffcda5a0000 - 0x00007ffcda5c5000 	C:\WINDOWS\SYSTEM32\bcrypt.dll
0x00007ffcda970000 - 0x00007ffcda998000 	C:\WINDOWS\SYSTEM32\USERENV.dll
0x00007ffcda470000 - 0x00007ffcda47b000 	C:\WINDOWS\SYSTEM32\CRYPTBASE.dll
0x00007ffcda010000 - 0x00007ffcda048000 	C:\WINDOWS\SYSTEM32\IPHLPAPI.DLL
0x00007ffcde2d0000 - 0x00007ffcde2d8000 	C:\WINDOWS\System32\NSI.dll
0x00007ffcd10f0000 - 0x00007ffcd1106000 	C:\WINDOWS\SYSTEM32\dhcpcsvc6.DLL
0x00007ffcd10d0000 - 0x00007ffcd10ea000 	C:\WINDOWS\SYSTEM32\dhcpcsvc.DLL
0x00007ffccc590000 - 0x00007ffccc59b000 	C:\WINDOWS\SYSTEM32\WINNSI.DLL
0x00007ffcd5e70000 - 0x00007ffcd6039000 	C:\WINDOWS\SYSTEM32\dbghelp.dll

VM Arguments:
jvm_args: -Xmx2048m -Dfile.encoding=UTF-8 -Duser.country=US -Duser.language=en -Duser.variant 
java_command: org.gradle.launcher.daemon.bootstrap.GradleDaemon 6.5
java_class_path (initial): C:\Users\Admin\.gradle\wrapper\dists\gradle-6.5-bin\6nifqtx7604sqp1q6g8wikw7p\gradle-6.5\lib\gradle-launcher-6.5.jar
Launcher Type: SUN_STANDARD

Environment Variables:
PATH=C:\Program Files (x86)\Common Files\Oracle\Java\javapath;C:\Program Files\Common Files\Oracle\Java\javapath;C:\ProgramData\Oracle\Java\javapath;C:\WINDOWS\system32;C:\WINDOWS;C:\WINDOWS\System32\Wbem;C:\WINDOWS\System32\WindowsPowerShell\v1.0\;C:\WINDOWS\System32\OpenSSH\;C:\Program Files\Java\jdk-14\bin;C:\Program Files\Git\cmd;C:\Users\Admin\AppData\Local\Microsoft\WindowsApps;
USERNAME=Admin
OS=Windows_NT
PROCESSOR_IDENTIFIER=Intel64 Family 6 Model 142 Stepping 10, GenuineIntel



---------------  S Y S T E M  ---------------

OS: Windows 10.0 , 64 bit Build 17134 (10.0.17134.1425)

CPU:total 8 (initial active 8) (4 cores per cpu, 2 threads per core) family 6 model 142 stepping 10, cmov, cx8, fxsr, mmx, sse, sse2, sse3, ssse3, sse4.1, sse4.2, popcnt, avx, avx2, aes, clmul, erms, 3dnowpref, lzcnt, ht, tsc, tscinvbit, bmi1, bmi2, adx

Memory: 4k page, physical 8218788k(1065864k free), swap 9267364k(1668k free)

vm_info: OpenJDK 64-Bit Server VM (25.242-b01) for windows-amd64 JRE (1.8.0_242-release-1644-b01), built by "builder" with MS VC++ 10.0 (VS2010)

time: Sat Feb 06 15:27:57 2021
timezone: Arab Standard Time
elapsed time: 1250 seconds (0d 0h 20m 50s)

